<?xml version="1.0" encoding="UTF-8"?>
<testng-results ignored="1" total="2" passed="1" failed="0" skipped="0">
  <reporter-output>
  </reporter-output>
  <suite started-at="2021-08-10T12:08:49 IST" name="Default suite" finished-at="2021-08-10T12:08:53 IST" duration-ms="4323">
    <groups>
    </groups>
    <test started-at="2021-08-10T12:08:49 IST" name="Default test" finished-at="2021-08-10T12:08:53 IST" duration-ms="4323">
      <class name="api.automation.userManagent.TestUser">
        <test-method is-config="true" signature="setUp()[pri:0, instance:api.automation.userManagent.TestUser@32b260fa]" started-at="2021-08-10T12:08:49 IST" name="setUp" finished-at="2021-08-10T12:08:49 IST" duration-ms="15" status="PASS">
          <reporter-output>
          </reporter-output>
        </test-method> <!-- setUp -->
        <test-method signature="addnewUser()[pri:0, instance:api.automation.userManagent.TestUser@32b260fa]" started-at="2021-08-10T12:08:49 IST" name="addnewUser" finished-at="2021-08-10T12:08:53 IST" duration-ms="4249" status="PASS">
          <reporter-output>
          </reporter-output>
        </test-method> <!-- addnewUser -->
      </class> <!-- api.automation.userManagent.TestUser -->
    </test> <!-- Default test -->
  </suite> <!-- Default suite -->
</testng-results>
