<?xml version="1.0" encoding="UTF-8"?>
<!-- Generated by org.testng.reporters.JUnitXMLReporter -->
<testsuite ignored="1" hostname="LIN59017121" failures="0" tests="1" name="Default test" time="4.323" errors="0" timestamp="2021-08-10T12:08:53 IST">
  <testcase classname="api.automation.userManagent.TestUser" name="addnewUser" time="4.249"/>
  <testcase classname="api.automation.userManagent.TestUser" name="getUserDetails" time="0.0">
    <ignored/>
  </testcase> <!-- getUserDetails -->
</testsuite> <!-- Default test -->
